[debug] [2022-04-21T17:25:04.329Z] ----------------------------------------------------------------------
[debug] [2022-04-21T17:25:04.332Z] Command:       C:\Program Files\nodejs\node.exe C:\Users\Ale\AppData\Roaming\npm\node_modules\firebase-tools\lib\bin\firebase.js emulators:start --only functions
[debug] [2022-04-21T17:25:04.333Z] CLI Version:   10.2.2
[debug] [2022-04-21T17:25:04.333Z] Platform:      win32
[debug] [2022-04-21T17:25:04.333Z] Node Version:  v16.14.0
[debug] [2022-04-21T17:25:04.334Z] Time:          Thu Apr 21 2022 14:25:04 GMT-0300 (hora estándar de Argentina)
[debug] [2022-04-21T17:25:04.335Z] ----------------------------------------------------------------------
[debug] 
[debug] [2022-04-21T17:25:04.425Z] > command requires scopes: ["email","openid","https://www.googleapis.com/auth/cloudplatformprojects.readonly","https://www.googleapis.com/auth/firebase","https://www.googleapis.com/auth/cloud-platform"]
[debug] [2022-04-21T17:25:04.426Z] > authorizing via signed-in user (nemesissoluciones@gmail.com)
[info] i  emulators: Starting emulators: functions {"metadata":{"emulator":{"name":"hub"},"message":"Starting emulators: functions"}}
[debug] [2022-04-21T17:25:04.467Z] [hub] writing locator at C:\Users\Ale\AppData\Local\Temp\hub-miescuela-5e8d6.json
[warn] !  functions: The following emulators are not running, calls to these services from the Functions emulator will affect production: auth, firestore, database, hosting, pubsub, storage {"metadata":{"emulator":{"name":"functions"},"message":"The following emulators are not running, calls to these services from the Functions emulator will affect production: \u001b[1mauth, firestore, database, hosting, pubsub, storage\u001b[22m"}}
[info] +  functions: Using node@16 from host. {"metadata":{"emulator":{"name":"functions"},"message":"Using node@16 from host."}}
[debug] [2022-04-21T17:25:04.487Z] defaultcredentials: writing to file C:\Users\Ale\AppData\Roaming\firebase\nemesissoluciones_gmail_com_application_default_credentials.json
[debug] [2022-04-21T17:25:04.489Z] Setting GAC to C:\Users\Ale\AppData\Roaming\firebase\nemesissoluciones_gmail_com_application_default_credentials.json {"metadata":{"emulator":{"name":"functions"},"message":"Setting GAC to C:\\Users\\Ale\\AppData\\Roaming\\firebase\\nemesissoluciones_gmail_com_application_default_credentials.json"}}
[debug] [2022-04-21T17:25:04.492Z] > refreshing access token with scopes: []
[debug] [2022-04-21T17:25:04.494Z] >>> HTTP REQUEST POST https://www.googleapis.com/oauth2/v3/token  
 <request body omitted>
[debug] [2022-04-21T17:25:04.635Z] <<< HTTP RESPONSE 200 {"date":"Thu, 21 Apr 2022 17:25:04 GMT","cache-control":"no-cache, no-store, max-age=0, must-revalidate","pragma":"no-cache","expires":"Mon, 01 Jan 1990 00:00:00 GMT","content-type":"application/json; charset=utf-8","vary":"X-Origin, Referer, Origin,Accept-Encoding","server":"scaffolding on HTTPServer2","x-xss-protection":"0","x-frame-options":"SAMEORIGIN","x-content-type-options":"nosniff","alt-svc":"h3=\":443\"; ma=2592000,h3-29=\":443\"; ma=2592000,h3-Q050=\":443\"; ma=2592000,h3-Q046=\":443\"; ma=2592000,h3-Q043=\":443\"; ma=2592000,quic=\":443\"; ma=2592000; v=\"46,43\"","accept-ranges":"none","transfer-encoding":"chunked"}
[debug] [2022-04-21T17:25:04.656Z] >>> [apiv2][query] GET https://firebase.googleapis.com/v1beta1/projects/miescuela-5e8d6/adminSdkConfig [none]
[debug] [2022-04-21T17:25:05.682Z] <<< [apiv2][status] GET https://firebase.googleapis.com/v1beta1/projects/miescuela-5e8d6/adminSdkConfig 200
[debug] [2022-04-21T17:25:05.683Z] <<< [apiv2][body] GET https://firebase.googleapis.com/v1beta1/projects/miescuela-5e8d6/adminSdkConfig {"projectId":"miescuela-5e8d6","storageBucket":"miescuela-5e8d6.appspot.com"}
[debug] [2022-04-21T17:25:05.703Z] Ignoring unsupported arg: auto_download {"metadata":{"emulator":{"name":"ui"},"message":"Ignoring unsupported arg: auto_download"}}
[debug] [2022-04-21T17:25:05.704Z] Ignoring unsupported arg: port {"metadata":{"emulator":{"name":"ui"},"message":"Ignoring unsupported arg: port"}}
[debug] [2022-04-21T17:25:05.704Z] Starting Emulator UI with command {"binary":"node","args":["C:\\Users\\Ale\\.cache\\firebase\\emulators\\ui-v1.6.5\\server.bundle.js"],"optionalArgs":[],"joinArgs":false} {"metadata":{"emulator":{"name":"ui"},"message":"Starting Emulator UI with command {\"binary\":\"node\",\"args\":[\"C:\\\\Users\\\\Ale\\\\.cache\\\\firebase\\\\emulators\\\\ui-v1.6.5\\\\server.bundle.js\"],\"optionalArgs\":[],\"joinArgs\":false}"}}
[info] i  ui: Emulator UI logging to ui-debug.log {"metadata":{"emulator":{"name":"ui"},"message":"Emulator UI logging to \u001b[1mui-debug.log\u001b[22m"}}
[debug] [2022-04-21T17:25:05.862Z] Web / API server started at localhost:4000
 {"metadata":{"emulator":{"name":"ui"},"message":"Web / API server started at localhost:4000\n"}}
[info] i  functions: Watching "D:\Documentos\Proyectos\MiEscuelaFirebase\functions" for Cloud Functions... {"metadata":{"emulator":{"name":"functions"},"message":"Watching \"D:\\Documentos\\Proyectos\\MiEscuelaFirebase\\functions\" for Cloud Functions..."}}
[debug] [2022-04-21T17:25:05.980Z] Validating nodejs source
[warn] !  functions: package.json indicates an outdated version of firebase-functions. Please upgrade using npm install --save firebase-functions@latest in your functions directory. 
[debug] [2022-04-21T17:25:09.645Z] > [functions] package.json contents: {
  "name": "functions",
  "description": "Cloud Functions for Firebase",
  "scripts": {
    "serve": "nodemon --exec firebase emulators:start --only functions",
    "shell": "firebase functions:shell",
    "start": "npm run shell",
    "deploy": "firebase deploy --only functions",
    "logs": "firebase functions:log"
  },
  "engines": {
    "node": "16"
  },
  "main": "index.js",
  "dependencies": {
    "bcrypt": "^5.0.1",
    "express": "^4.17.2",
    "firebase-admin": "^9.8.0",
    "firebase-functions": "^3.14.1",
    "jsonwebtoken": "^8.5.1",
    "mongoose": "^6.2.1",
    "morgan": "^1.10.0"
  },
  "devDependencies": {
    "firebase-functions-test": "^0.2.0"
  },
  "private": true
}
[debug] [2022-04-21T17:25:09.645Z] Building nodejs source
[debug] [2022-04-21T17:25:09.645Z] Analyzing nodejs backend spec
[info] +  functions[us-central1-app]: http function initialized (http://localhost:5001/miescuela-5e8d6/us-central1/app). {"metadata":{"emulator":{"name":"functions"},"message":"\u001b[1mhttp\u001b[22m function initialized (http://localhost:5001/miescuela-5e8d6/us-central1/app)."}}
[info] 
┌─────────────────────────────────────────────────────────────┐
│ ✔  All emulators ready! It is now safe to connect your app. │
│ i  View Emulator UI at http://localhost:4000                │
└─────────────────────────────────────────────────────────────┘

┌───────────┬────────────────┬─────────────────────────────────┐
│ Emulator  │ Host:Port      │ View in Emulator UI             │
├───────────┼────────────────┼─────────────────────────────────┤
│ Functions │ localhost:5001 │ http://localhost:4000/functions │
└───────────┴────────────────┴─────────────────────────────────┘
  Emulator Hub running at localhost:4400
  Other reserved ports: 4500

Issues? Report them at https://github.com/firebase/firebase-tools/issues and attach the *-debug.log files.
 
